<?xml version="1.0" encoding="UTF-8"?>
<!-- Generated by org.testng.reporters.JUnitXMLReporter -->
<testsuite ignored="0" hostname="DESKTOP-JSMRUSM" failures="0" tests="9" name="Test" time="377.594" errors="0" timestamp="17 Nov 2021 18:19:36 GMT">
  <testcase classname="test.Login_TC004" name="SuperAdminLogin" time="16.585"/>
  <testcase classname="test.Login_TC003" name="AdminLogin" time="38.223"/>
  <testcase classname="test.Login_TC005" name="managerLogin" time="38.656"/>
  <testcase classname="test.Login_TC002" name="dev_userLogIn" time="8.23"/>
  <testcase classname="test.Login_TC001" name="Login_flow" time="26.325"/>
  <testcase classname="test.Login_TC001" name="Login_flow" time="27.942"/>
  <testcase classname="test.Login_TC001" name="Login_flow" time="34.659"/>
  <testcase classname="test.Login_TC001" name="Login_flow" time="45.378"/>
  <testcase classname="test.Login_TC001" name="Login_flow" time="31.952"/>
</testsuite> <!-- Test -->
