<?xml version="1.0" encoding="UTF-8"?>
<testsuite xmlns:xsi="http://www.w3.org/2001/XMLSchema-instance" xsi:noNamespaceSchemaLocation="https://maven.apache.org/surefire/maven-surefire-plugin/xsd/surefire-test-report.xsd" name="TestSuite" time="381.331" tests="9" errors="0" skipped="0" failures="0">
  <properties>
[...]
</properties>
  <testcase name="SuperAdminLogin" classname="test.Login_TC004" time="16.587"/>
  <testcase name="AdminLogin" classname="test.Login_TC003" time="38.213"/>
  <testcase name="managerLogin" classname="test.Login_TC005" time="38.657"/>
  <testcase name="dev_userLogIn" classname="test.Login_TC002" time="8.231"/>
  <testcase name="Login_flow" classname="test.Login_TC001" time="26.325"/>
  <testcase name="Login_flow" classname="test.Login_TC001" time="27.942"/>
  <testcase name="Login_flow" classname="test.Login_TC001" time="34.659"/>
  <testcase name="Login_flow" classname="test.Login_TC001" time="45.378"/>
  <testcase name="Login_flow" classname="test.Login_TC001" time="31.951"/>
</testsuite>