<?xml version="1.0" encoding="UTF-8"?>
<testng-results ignored="0" total="1" passed="1" failed="0" skipped="0">
  <reporter-output>
  </reporter-output>
  <suite started-at="2021-11-14T10:43:47Z" name="Default suite" finished-at="2021-11-14T10:44:38Z" duration-ms="51135">
    <groups>
    </groups>
    <test started-at="2021-11-14T10:43:47Z" name="Default test" finished-at="2021-11-14T10:44:38Z" duration-ms="51135">
      <class name="test.Login_TC003">
        <test-method signature="superAdminLogin()[pri:0, instance:test.Login_TC003@470734c3]" started-at="2021-11-14T10:43:47Z" name="superAdminLogin" finished-at="2021-11-14T10:44:38Z" duration-ms="51074" status="PASS">
          <reporter-output>
          </reporter-output>
        </test-method> <!-- superAdminLogin -->
      </class> <!-- test.Login_TC003 -->
    </test> <!-- Default test -->
  </suite> <!-- Default suite -->
</testng-results>
