<?xml version="1.0" encoding="UTF-8"?>
<testng-results ignored="0" total="1" passed="1" failed="0" skipped="0">
  <reporter-output>
  </reporter-output>
  <suite started-at="2021-11-14T17:54:44Z" name="Default suite" finished-at="2021-11-14T17:55:01Z" duration-ms="17190">
    <groups>
    </groups>
    <test started-at="2021-11-14T17:54:44Z" name="Default test" finished-at="2021-11-14T17:55:01Z" duration-ms="17190">
      <class name="test.Login_TC002">
        <test-method is-config="true" signature="intialization()[pri:0, instance:test.Login_TC002@1ca3b418]" started-at="2021-11-14T17:54:44Z" name="intialization" finished-at="2021-11-14T17:54:53Z" duration-ms="9022" status="PASS">
          <reporter-output>
          </reporter-output>
        </test-method> <!-- intialization -->
        <test-method signature="dev_userLogIn()[pri:0, instance:test.Login_TC002@1ca3b418]" started-at="2021-11-14T17:54:53Z" name="dev_userLogIn" finished-at="2021-11-14T17:55:00Z" duration-ms="7413" status="PASS">
          <reporter-output>
          </reporter-output>
        </test-method> <!-- dev_userLogIn -->
        <test-method is-config="true" signature="tearDown()[pri:0, instance:test.Login_TC002@1ca3b418]" started-at="2021-11-14T17:55:00Z" name="tearDown" finished-at="2021-11-14T17:55:01Z" duration-ms="707" status="PASS">
          <reporter-output>
          </reporter-output>
        </test-method> <!-- tearDown -->
      </class> <!-- test.Login_TC002 -->
    </test> <!-- Default test -->
  </suite> <!-- Default suite -->
</testng-results>
